<?xml version="1.0" encoding="UTF-8"?>
<!-- Generated by org.testng.reporters.JUnitReportReporter -->
<testsuite hostname="DESKTOP-ODQ4RN5" failures="0" tests="1" name="com.testngListener.TestNGTestCase" time="75.101" errors="0" timestamp="5 Mar 2018 05:44:16 GMT">
  <testcase classname="com.testngListener.TestNGTestCase" name="linkedin" time="75.101"/>
</testsuite> <!-- com.testngListener.TestNGTestCase -->
