<?xml version="1.0" encoding="UTF-8"?>
<!-- Generated by org.testng.reporters.JUnitReportReporter -->
<testsuite hostname="DESKTOP-ODQ4RN5" failures="0" tests="1" name="com.testngListener.TestRunner" time="120.412" errors="0" timestamp="4 Mar 2018 13:43:49 GMT">
  <testcase classname="com.testngListener.TestRunner" name="failedTC" time="120.412"/>
</testsuite> <!-- com.testngListener.TestRunner -->
