<?xml version="1.0" encoding="UTF-8"?>
<!-- Generated by org.testng.reporters.JUnitReportReporter -->
<testsuite hostname="DESKTOP-ODQ4RN5" failures="0" tests="1" name="com.anantaa.extends_reports3_23_02.Alertbox" time="83.063" errors="0" timestamp="2 Mar 2018 04:10:25 GMT">
  <testcase classname="com.anantaa.extends_reports3_23_02.Alertbox" name="alertBox" time="83.063"/>
</testsuite> <!-- com.anantaa.extends_reports3_23_02.Alertbox -->
